<?xml version="1.0" encoding="UTF-8"?>
<!-- Generated by org.testng.reporters.JUnitReportReporter -->
<testsuite skipped="0" hostname="DESKTOP-IUV45J7" name="mt.mstr.utility.CloseBrowser" tests="2" failures="0" timestamp="25 Apr 2019 05:04:21 GMT" time="1.514" errors="0">
  <testcase name="closeBrowser" time="0.344" classname="mt.mstr.utility.CloseBrowser"/>
  <testcase name="closeBrowser" time="1.170" classname="mt.mstr.utility.CloseBrowser"/>
</testsuite> <!-- mt.mstr.utility.CloseBrowser -->
