<?xml version="1.0" encoding="UTF-8"?>
<!-- Generated by org.testng.reporters.JUnitReportReporter -->
<testsuite skipped="0" hostname="DESKTOP-IUV45J7" name="mt.mstr.modules.Login" tests="2" failures="0" timestamp="25 Apr 2019 05:04:21 GMT" time="32.175" errors="0">
  <testcase name="ExecuteLoginwithvalidds" time="28.975" classname="mt.mstr.modules.Login"/>
  <testcase name="ExecuteLoginwithinvalidds" time="3.200" classname="mt.mstr.modules.Login"/>
</testsuite> <!-- mt.mstr.modules.Login -->
