<?xml version="1.0" encoding="UTF-8"?>
<!-- Generated by org.testng.reporters.JUnitReportReporter -->
<testsuite skipped="0" hostname="DESKTOP-IUV45J7" name="mt.mstr.modules.Launch" tests="2" failures="0" timestamp="25 Apr 2019 05:04:21 GMT" time="52.346" errors="0">
  <testcase name="ExecuteLaunch" time="13.899" classname="mt.mstr.modules.Launch"/>
  <testcase name="ExecuteLaunch" time="38.447" classname="mt.mstr.modules.Launch"/>
</testsuite> <!-- mt.mstr.modules.Launch -->
