<?xml version="1.0" encoding="UTF-8"?>
<!-- Generated by org.testng.reporters.JUnitReportReporter -->
<testsuite skipped="0" hostname="DESKTOP-IUV45J7" name="mt.mstr.modules.Launch" tests="2" failures="0" timestamp="25 Apr 2019 05:36:26 GMT" time="44.063" errors="0">
  <testcase name="ExecuteLaunch" time="33.507" classname="mt.mstr.modules.Launch"/>
  <testcase name="ExecuteLaunch" time="10.556" classname="mt.mstr.modules.Launch"/>
</testsuite> <!-- mt.mstr.modules.Launch -->
